client 2025-02-25 14:31:38,146 [INFO] Sending command to the server: 'mlcommons/power client v3'
client 2025-02-25 14:31:38,146 [INFO] Got response: 'mlcommons/power server v3'
client 2025-02-25 14:31:38,147 [INFO] Synchronizing with the server and with ntp2.css.fujitsu.com...
client 2025-02-25 14:31:38,198 [INFO] NTP:offset = -0.000 s, delay = 0.023 s 
client 2025-02-25 14:31:38,198 [INFO] Sending command to the server: 'time'
client 2025-02-25 14:31:38,199 [INFO] Got response: '1740493898.1990051'
client 2025-02-25 14:31:38,199 [INFO] The time difference between the client and the server is within range -0.368 ms..0.118 ms
client 2025-02-25 14:31:38,199 [INFO] Sending command to the server: 'new,,0d13d16a-4e9f-4851-a30f-2eb669bf3225'
client 2025-02-25 14:31:38,199 [INFO] Got response: 'OK 2025-02-25_23-31-38,fc0d8a90-2480-4fcd-85a7-4124883f4f20'
client 2025-02-25 14:31:38,199 [INFO] Session id is '2025-02-25_23-31-38'
client 2025-02-25 14:31:38,199 [INFO] Sources: {"sources": {"__init__.py": "da39a3ee5e6b4b0d3255bfef95601890afd80709", "client.py": "33ca4f26368777ac06e01f9567b714a4b8063886", "lib/__init__.py": "da39a3ee5e6b4b0d3255bfef95601890afd80709", "lib/client.py": "ac2aa093c8e8bbc9569b9e2a3471bc64e58a2258", "lib/common.py": "611d8b29633d331eb19c9455ea3b5fa3284ed6df", "lib/external/__init__.py": "da39a3ee5e6b4b0d3255bfef95601890afd80709", "lib/external/ntplib.py": "4da8f970656505a40483206ef2b5d3dd5e81711d", "lib/server.py": "9bc9a3b6b9b716520658ac175913bcbbdb354336", "lib/source_hashes.py": "60a2e02193209e8d392803326208d5466342da18", "lib/summary.py": "602a9fedfa503e5544d27ab3b0067f235047efc3", "lib/time_sync.py": "80894ef2389e540781ff78de94db16aa4203a14e", "server.py": "c3f90f2f7eeb4db30727556d0c815ebc89b3d28b", "tests/unit/__init__.py": "da39a3ee5e6b4b0d3255bfef95601890afd80709", "tests/unit/test_server.py": "948c1995d4008bc2aa6c4046a34ffa3858d6d671", "tests/unit/test_source_hashes.py": "00468a2907583c593e6574a1f6b404e4651c221a"}, "modules": {"ptd_client_server.lib.client": "lib/client.py", "ptd_client_server.lib.common": "lib/common.py", "ptd_client_server.lib.external.ntplib": "lib/external/ntplib.py", "ptd_client_server.lib.source_hashes": "lib/source_hashes.py", "ptd_client_server.lib.summary": "lib/summary.py", "ptd_client_server.lib.time_sync": "lib/time_sync.py"}}
client 2025-02-25 14:31:38,199 [INFO] Running workload in ranging mode
client 2025-02-25 14:31:38,199 [INFO] Synchronizing with the server and with ntp2.css.fujitsu.com...
client 2025-02-25 14:31:38,250 [INFO] NTP:offset = 0.001 s, delay = 0.022 s 
client 2025-02-25 14:31:38,250 [INFO] Sending command to the server: 'time'
client 2025-02-25 14:31:38,250 [INFO] Got response: '1740493898.2504203'
client 2025-02-25 14:31:38,250 [INFO] The time difference between the client and the server is within range -0.219 ms..0.088 ms
client 2025-02-25 14:31:38,250 [INFO] Sending command to the server: 'session,2025-02-25_23-31-38,start,ranging'
client 2025-02-25 14:32:21,952 [INFO] Got response: 'OK'
client 2025-02-25 14:32:21,952 [INFO] Sending command to the server: 'time'
client 2025-02-25 14:32:21,953 [INFO] Got response: '1740493941.953242'
client 2025-02-25 14:32:21,953 [INFO] The time difference between the client and the server is within range -0.255 ms..0.305 ms
client 2025-02-25 14:32:21,953 [INFO] Running the workload 'LOG_DIR=/work/build/power_logs_temp python3 -m code.main --benchmarks=rgat --scenarios=Offline --test_mode=PerformanceOnly --action="run_harness" \\\n\t\t2>&1 | tee -a /work/build/power_logs/2025.02.25-14.29.58/stdout.txt \\\n\t\t&& if [ ! -d /work/build/power_logs/2025.02.25-14.29.58/ranging_tmp ]; \\\n\t\t\tthen mkdir /work/build/power_logs/2025.02.25-14.29.58/ranging_tmp \\\n\t\t\t\t&& mv /work/build/power_logs_temp/* /work/build/power_logs/2025.02.25-14.29.58/ranging_tmp/ \\\n\t\t\t\t&& cp -v /work/build/power_logs/2025.02.25-14.29.58/ranging_tmp/*/*/*/mlperf_log_detail.txt /work/build/power_logs_temp/ \\\n\t\t\t\t&& cp -v /work/build/power_logs/2025.02.25-14.29.58/ranging_tmp/*/*/*/mlperf_log_summary.txt /work/build/power_logs_temp/; \\\n\t\t\telse mkdir /work/build/power_logs/2025.02.25-14.29.58/testing_tmp \\\n\t\t\t\t&& mv /work/build/power_logs_temp/* /work/build/power_logs/2025.02.25-14.29.58/testing_tmp/ \\\n\t\t\t\t&& cp -v /work/build/power_logs/2025.02.25-14.29.58/testing_tmp/*/*/*/mlperf_log_detail.txt /work/build/power_logs_temp/ \\\n\t\t\t\t&& cp -v /work/build/power_logs/2025.02.25-14.29.58/testing_tmp/*/*/*/mlperf_log_summary.txt /work/build/power_logs_temp/; fi; sleep 300'
client 2025-02-25 14:53:40,574 [INFO] Sending command to the server: 'time'
client 2025-02-25 14:53:40,575 [INFO] Got response: '1740495220.5752'
client 2025-02-25 14:53:40,575 [INFO] The time difference between the client and the server is within range -0.584 ms..0.159 ms
client 2025-02-25 14:53:40,575 [INFO] Sending command to the server: 'session,2025-02-25_23-31-38,stop,ranging'
client 2025-02-25 14:53:51,077 [INFO] Got response: 'OK'
client 2025-02-25 14:53:51,077 [INFO] Sending command to the server: 'time'
client 2025-02-25 14:53:51,078 [INFO] Got response: '1740495231.078077'
client 2025-02-25 14:53:51,078 [INFO] The time difference between the client and the server is within range -0.237 ms..0.227 ms
client 2025-02-25 14:53:51,099 [INFO] Copying loadgen logs from '/work/build/power_logs_temp' to '/work/build/power_logs/2025.02.25-14.29.58/2025-02-25_23-31-38/ranging'
client 2025-02-25 14:53:51,102 [INFO] Running workload in testing mode
client 2025-02-25 14:53:51,102 [INFO] Synchronizing with the server and with ntp2.css.fujitsu.com...
client 2025-02-25 14:53:51,168 [INFO] NTP:offset = -0.004 s, delay = 0.032 s 
client 2025-02-25 14:53:51,168 [INFO] Sending command to the server: 'time'
client 2025-02-25 14:53:51,169 [INFO] Got response: '1740495231.1689374'
client 2025-02-25 14:53:51,169 [INFO] The time difference between the client and the server is within range -0.363 ms..0.117 ms
client 2025-02-25 14:53:51,169 [INFO] Sending command to the server: 'session,2025-02-25_23-31-38,start,testing'
client 2025-02-25 14:54:12,774 [INFO] Got response: 'OK'
client 2025-02-25 14:54:12,774 [INFO] Sending command to the server: 'time'
client 2025-02-25 14:54:12,774 [INFO] Got response: '1740495252.7747602'
client 2025-02-25 14:54:12,775 [INFO] The time difference between the client and the server is within range -0.291 ms..0.266 ms
client 2025-02-25 14:54:12,775 [INFO] Running the workload 'LOG_DIR=/work/build/power_logs_temp python3 -m code.main --benchmarks=rgat --scenarios=Offline --test_mode=PerformanceOnly --action="run_harness" \\\n\t\t2>&1 | tee -a /work/build/power_logs/2025.02.25-14.29.58/stdout.txt \\\n\t\t&& if [ ! -d /work/build/power_logs/2025.02.25-14.29.58/ranging_tmp ]; \\\n\t\t\tthen mkdir /work/build/power_logs/2025.02.25-14.29.58/ranging_tmp \\\n\t\t\t\t&& mv /work/build/power_logs_temp/* /work/build/power_logs/2025.02.25-14.29.58/ranging_tmp/ \\\n\t\t\t\t&& cp -v /work/build/power_logs/2025.02.25-14.29.58/ranging_tmp/*/*/*/mlperf_log_detail.txt /work/build/power_logs_temp/ \\\n\t\t\t\t&& cp -v /work/build/power_logs/2025.02.25-14.29.58/ranging_tmp/*/*/*/mlperf_log_summary.txt /work/build/power_logs_temp/; \\\n\t\t\telse mkdir /work/build/power_logs/2025.02.25-14.29.58/testing_tmp \\\n\t\t\t\t&& mv /work/build/power_logs_temp/* /work/build/power_logs/2025.02.25-14.29.58/testing_tmp/ \\\n\t\t\t\t&& cp -v /work/build/power_logs/2025.02.25-14.29.58/testing_tmp/*/*/*/mlperf_log_detail.txt /work/build/power_logs_temp/ \\\n\t\t\t\t&& cp -v /work/build/power_logs/2025.02.25-14.29.58/testing_tmp/*/*/*/mlperf_log_summary.txt /work/build/power_logs_temp/; fi; sleep 300'
client 2025-02-25 15:15:19,424 [INFO] Sending command to the server: 'time'
client 2025-02-25 15:15:19,424 [INFO] Got response: '1740496519.424657'
client 2025-02-25 15:15:19,424 [INFO] The time difference between the client and the server is within range -0.637 ms..0.306 ms
client 2025-02-25 15:15:19,425 [INFO] Sending command to the server: 'session,2025-02-25_23-31-38,stop,testing'
client 2025-02-25 15:15:29,859 [INFO] Got response: 'OK'
client 2025-02-25 15:15:29,859 [INFO] Sending command to the server: 'time'
client 2025-02-25 15:15:29,860 [INFO] Got response: '1740496529.8599393'
client 2025-02-25 15:15:29,860 [INFO] The time difference between the client and the server is within range -0.087 ms..0.277 ms
client 2025-02-25 15:15:29,882 [INFO] Copying loadgen logs from '/work/build/power_logs_temp' to '/work/build/power_logs/2025.02.25-14.29.58/2025-02-25_23-31-38/run_1'
client 2025-02-25 15:15:29,886 [INFO] Done runs
