/home/ubuntu/cmx/lib/python3.10/site-packages/pydantic/_internal/_fields.py:160: UserWarning: Field "model_path" has conflict with protected namespace "model_".

You may be able to resolve this warning by setting `model_config['protected_namespaces'] = ()`.
  warnings.warn(
DeepSparse, Copyright 2021-present / Neuralmagic, Inc. version: 1.8.0.20240502 COMMUNITY | (9fe801cf) (release) (optimized) (system=neon, binary=neon)
2025-02-28 14:10:05 deepsparse.utils.onnx INFO     Generating input 'input_ids', type = int64, shape = [1, 384]
2025-02-28 14:10:05 deepsparse.utils.onnx INFO     Generating input 'attention_mask', type = int64, shape = [1, 384]
2025-02-28 14:10:05 deepsparse.utils.onnx INFO     Generating input 'token_type_ids', type = int64, shape = [1, 384]
================================================
MLPerf Results Summary
================================================
SUT name : PySUT
Scenario : Offline
Mode     : PerformanceOnly
Samples per second: 55.2213
Result is : VALID
  Min duration satisfied : Yes
  Min queries satisfied : Yes
  Early stopping satisfied: Yes

================================================
Additional Stats
================================================
Min latency (ns)                : 236840526
Max latency (ns)                : 645403213478
Mean latency (ns)               : 316953119960
50.00 percentile latency (ns)   : 314071821568
90.00 percentile latency (ns)   : 577345875110
95.00 percentile latency (ns)   : 611385117625
97.00 percentile latency (ns)   : 624982674060
99.00 percentile latency (ns)   : 638601589864
99.90 percentile latency (ns)   : 644734548413

================================================
Test Parameters Used
================================================
samples_per_query : 35640
target_qps : 54
target_latency (ns): 0
max_async_queries : 1
min_duration (ms): 600000
max_duration (ms): 0
min_query_count : 1
max_query_count : 0
qsl_rng_seed : 6023615788873153749
sample_index_rng_seed : 15036839855038426416
schedule_rng_seed : 9933818062894767841
accuracy_log_rng_seed : 0
accuracy_log_probability : 0
accuracy_log_sampling_target : 0
print_timestamps : 0
performance_issue_unique : 0
performance_issue_same : 0
performance_issue_same_index : 0
performance_sample_count : 10833

No warnings encountered during test.

No errors encountered during test.
Loading ONNX model... /home/ubuntu/.cache/sparsezoo/neuralmagic/mobilebert-squad_wikipedia_bookcorpus-base_quantized/model.onnx
Constructing SUT...
Finished constructing SUT.
Constructing QSL...
Loading cached features from 'eval_features.pickle'...
Finished constructing QSL.
Warming up engine...
Running LoadGen test...
Done!
Destroying SUT...
Destroying QSL...
Finished destroying SUT.
Finished destroying QSL.
