/home/ubuntu/cmx/lib/python3.10/site-packages/pydantic/_internal/_fields.py:160: UserWarning: Field "model_path" has conflict with protected namespace "model_".

You may be able to resolve this warning by setting `model_config['protected_namespaces'] = ()`.
  warnings.warn(
DeepSparse, Copyright 2021-present / Neuralmagic, Inc. version: 1.8.0.20240502 COMMUNITY | (9fe801cf) (release) (optimized) (system=neon, binary=neon)
2025-02-28 14:21:46 deepsparse.utils.onnx INFO     Generating input 'input_ids', type = int64, shape = [1, 384]
2025-02-28 14:21:46 deepsparse.utils.onnx INFO     Generating input 'attention_mask', type = int64, shape = [1, 384]
2025-02-28 14:21:46 deepsparse.utils.onnx INFO     Generating input 'token_type_ids', type = int64, shape = [1, 384]

No warnings encountered during test.

No errors encountered during test.
Loading ONNX model... /home/ubuntu/.cache/sparsezoo/neuralmagic/mobilebert-squad_wikipedia_bookcorpus-base_quantized/model.onnx
Constructing SUT...
Finished constructing SUT.
Constructing QSL...
Loading cached features from 'eval_features.pickle'...
Finished constructing QSL.
Warming up engine...
Running LoadGen test...
Done!
Destroying SUT...
Destroying QSL...
Finished destroying SUT.
Finished destroying QSL.
