=> Looking for logs in build/compliance_logs/**/mlperf_log_detail.txt
=> Found 4 mlperf_log_detail.txt entries
  => WARNING: build/compliance_logs/TEST01/H200-SXM-141GBx8_TRT/retinanet/Offline/TEST01/performance/run_1 does not include mandatory file mlperf_log_accuracy.json
  => WARNING: build/compliance_logs/TEST01/H200-SXM-141GBx8_TRT/retinanet/Offline/TEST01/performance/run_1 does not include mandatory file mlperf_log_trace.json
  => WARNING: build/compliance_logs/TEST01/H200-SXM-141GBx8_TRT/retinanet/Offline/TEST01/performance/run_1 does not include mandatory file metadata.json
  => WARNING: build/compliance_logs/TEST01/H200-SXM-141GBx8_TRT/retinanet/Server/TEST01/performance/run_1 does not include mandatory file mlperf_log_accuracy.json
  => WARNING: build/compliance_logs/TEST01/H200-SXM-141GBx8_TRT/retinanet/Server/TEST01/performance/run_1 does not include mandatory file mlperf_log_trace.json
  => WARNING: build/compliance_logs/TEST01/H200-SXM-141GBx8_TRT/retinanet/Server/TEST01/performance/run_1 does not include mandatory file metadata.json
=> Enumerating candidates...
=> Found 2 submission result candidates
=> Enumerating logs for H200-SXM-141GBx8_TRT
  => Enumerating logs for retinanet
    => Enumerating logs for Offline
      => Found 1 entries for Audit Test TEST01
      => Found 0 entries for Audit Test TEST04
      => Found 0 entries for Audit Test TEST06
      => Must have both PerformanceOnly and AccuracyOnly. Pruning result candidates without both.
    => Enumerating logs for Server
      => Found 1 entries for Audit Test TEST01
      => Found 0 entries for Audit Test TEST04
      => Found 0 entries for Audit Test TEST06
      => Must have both PerformanceOnly and AccuracyOnly. Pruning result candidates without both.
=> Copying candidate log files into /work/build/submission-staging/closed/Sustainable_Metal_Cloud/compliance
=> Copying logs for H200-SXM-141GBx8_TRT
  => Copying logs for retinanet
    => Copying logs for Offline
    => Copy build/compliance_logs/TEST01/H200-SXM-141GBx8_TRT/retinanet/Offline/TEST01 -> /work/build/submission-staging/closed/Sustainable_Metal_Cloud/compliance/H200-SXM-141GBx8_TRT/retinanet/Offline/TEST01
    => Copy build/compliance_logs/TEST01/H200-SXM-141GBx8_TRT/retinanet/Offline/metadata.json -> /work/build/submission-staging/closed/Sustainable_Metal_Cloud/compliance/H200-SXM-141GBx8_TRT/retinanet/Offline/TEST01/metadata.json
    => Copying logs for Server
    => Copy build/compliance_logs/TEST01/H200-SXM-141GBx8_TRT/retinanet/Server/TEST01 -> /work/build/submission-staging/closed/Sustainable_Metal_Cloud/compliance/H200-SXM-141GBx8_TRT/retinanet/Server/TEST01
    => Copy build/compliance_logs/TEST01/H200-SXM-141GBx8_TRT/retinanet/Server/metadata.json -> /work/build/submission-staging/closed/Sustainable_Metal_Cloud/compliance/H200-SXM-141GBx8_TRT/retinanet/Server/TEST01/metadata.json
