=> Looking for logs in build/logs/**/mlperf_log_detail.txt
=> Found 4 mlperf_log_detail.txt entries
=> Looking for logs in build/power_logs/**/mlperf_log_detail.txt
=> Found 0 mlperf_log_detail.txt entries
=> Enumerating candidates...
=> Found 4 submission result candidates
=> Enumerating logs for H200-SXM-141GBx8_TRT
  => Enumerating logs for retinanet
    => Enumerating logs for Offline
      => Found 0 entries for Audit Test TEST01
      => Found 0 entries for Audit Test TEST04
      => Found 0 entries for Audit Test TEST06
      => Found 2 log files
      => 1 Performance / 1 Accuracy / 0 Power
      => No results found under build/artifacts/closed/Sustainable_Metal_Cloud/results, skipping performance regression checks
    => Enumerating logs for Server
      => Found 0 entries for Audit Test TEST01
      => Found 0 entries for Audit Test TEST04
      => Found 0 entries for Audit Test TEST06
      => Found 2 log files
      => 1 Performance / 1 Accuracy / 0 Power
      => No results found under build/artifacts/closed/Sustainable_Metal_Cloud/results, skipping performance regression checks
=> Copying candidate log files into build/submission-staging/closed/Sustainable_Metal_Cloud/results
=> Copying logs for H200-SXM-141GBx8_TRT
  => Copying logs for retinanet
    => Copying logs for Offline
    => Copy build/logs/2025.02.28-15.24.21/H200-SXM-141GBx8_TRT/retinanet/Offline/mlperf_log_accuracy.json -> build/submission-staging/closed/Sustainable_Metal_Cloud/results/H200-SXM-141GBx8_TRT/retinanet/Offline/performance/run_1/mlperf_log_accuracy.json
    => Copy build/logs/2025.02.28-15.24.21/H200-SXM-141GBx8_TRT/retinanet/Offline/mlperf_log_detail.txt -> build/submission-staging/closed/Sustainable_Metal_Cloud/results/H200-SXM-141GBx8_TRT/retinanet/Offline/performance/run_1/mlperf_log_detail.txt
    => Copy build/logs/2025.02.28-15.24.21/H200-SXM-141GBx8_TRT/retinanet/Offline/mlperf_log_summary.txt -> build/submission-staging/closed/Sustainable_Metal_Cloud/results/H200-SXM-141GBx8_TRT/retinanet/Offline/performance/run_1/mlperf_log_summary.txt
    => Copy build/logs/2025.02.28-15.24.21/H200-SXM-141GBx8_TRT/retinanet/Offline/metadata.json -> build/submission-staging/closed/Sustainable_Metal_Cloud/results/H200-SXM-141GBx8_TRT/retinanet/Offline/performance/run_1/metadata.json
    => Copy build/logs/2025.02.28-15.35.20/H200-SXM-141GBx8_TRT/retinanet/Offline/mlperf_log_accuracy.json -> build/submission-staging/closed/Sustainable_Metal_Cloud/results/H200-SXM-141GBx8_TRT/retinanet/Offline/accuracy/mlperf_log_accuracy.json
    => Copy build/logs/2025.02.28-15.35.20/H200-SXM-141GBx8_TRT/retinanet/Offline/mlperf_log_detail.txt -> build/submission-staging/closed/Sustainable_Metal_Cloud/results/H200-SXM-141GBx8_TRT/retinanet/Offline/accuracy/mlperf_log_detail.txt
    => Copy build/logs/2025.02.28-15.35.20/H200-SXM-141GBx8_TRT/retinanet/Offline/mlperf_log_summary.txt -> build/submission-staging/closed/Sustainable_Metal_Cloud/results/H200-SXM-141GBx8_TRT/retinanet/Offline/accuracy/mlperf_log_summary.txt
    => Copy build/logs/2025.02.28-15.35.20/H200-SXM-141GBx8_TRT/retinanet/Offline/accuracy.txt -> build/submission-staging/closed/Sustainable_Metal_Cloud/results/H200-SXM-141GBx8_TRT/retinanet/Offline/accuracy/accuracy.txt
    => Copy build/logs/2025.02.28-15.35.20/H200-SXM-141GBx8_TRT/retinanet/Offline/metadata.json -> build/submission-staging/closed/Sustainable_Metal_Cloud/results/H200-SXM-141GBx8_TRT/retinanet/Offline/accuracy/metadata.json
    => Copying logs for Server
    => Copy build/logs/2025.02.28-15.41.00/H200-SXM-141GBx8_TRT/retinanet/Server/mlperf_log_accuracy.json -> build/submission-staging/closed/Sustainable_Metal_Cloud/results/H200-SXM-141GBx8_TRT/retinanet/Server/performance/run_1/mlperf_log_accuracy.json
    => Copy build/logs/2025.02.28-15.41.00/H200-SXM-141GBx8_TRT/retinanet/Server/mlperf_log_detail.txt -> build/submission-staging/closed/Sustainable_Metal_Cloud/results/H200-SXM-141GBx8_TRT/retinanet/Server/performance/run_1/mlperf_log_detail.txt
    => Copy build/logs/2025.02.28-15.41.00/H200-SXM-141GBx8_TRT/retinanet/Server/mlperf_log_summary.txt -> build/submission-staging/closed/Sustainable_Metal_Cloud/results/H200-SXM-141GBx8_TRT/retinanet/Server/performance/run_1/mlperf_log_summary.txt
    => Copy build/logs/2025.02.28-15.41.00/H200-SXM-141GBx8_TRT/retinanet/Server/metadata.json -> build/submission-staging/closed/Sustainable_Metal_Cloud/results/H200-SXM-141GBx8_TRT/retinanet/Server/performance/run_1/metadata.json
    => Copy build/logs/2025.02.28-15.51.39/H200-SXM-141GBx8_TRT/retinanet/Server/mlperf_log_accuracy.json -> build/submission-staging/closed/Sustainable_Metal_Cloud/results/H200-SXM-141GBx8_TRT/retinanet/Server/accuracy/mlperf_log_accuracy.json
    => Copy build/logs/2025.02.28-15.51.39/H200-SXM-141GBx8_TRT/retinanet/Server/mlperf_log_detail.txt -> build/submission-staging/closed/Sustainable_Metal_Cloud/results/H200-SXM-141GBx8_TRT/retinanet/Server/accuracy/mlperf_log_detail.txt
    => Copy build/logs/2025.02.28-15.51.39/H200-SXM-141GBx8_TRT/retinanet/Server/mlperf_log_summary.txt -> build/submission-staging/closed/Sustainable_Metal_Cloud/results/H200-SXM-141GBx8_TRT/retinanet/Server/accuracy/mlperf_log_summary.txt
    => Copy build/logs/2025.02.28-15.51.39/H200-SXM-141GBx8_TRT/retinanet/Server/accuracy.txt -> build/submission-staging/closed/Sustainable_Metal_Cloud/results/H200-SXM-141GBx8_TRT/retinanet/Server/accuracy/accuracy.txt
    => Copy build/logs/2025.02.28-15.51.39/H200-SXM-141GBx8_TRT/retinanet/Server/metadata.json -> build/submission-staging/closed/Sustainable_Metal_Cloud/results/H200-SXM-141GBx8_TRT/retinanet/Server/accuracy/metadata.json
